<?xml version="1.0" encoding="UTF-8"?>
<!-- Generated by org.testng.reporters.JUnitReportReporter -->
<testsuite skipped="1" hostname="AMX-RL-19-255-W" name="TestNGPkg.TestNgDependency" tests="6" failures="0" timestamp="2020-12-04T21:27:35 IST" time="0.019" errors="0">
  <testcase name="login" time="0.001" classname="TestNGPkg.TestNgDependency"/>
  <system-out/>
  <testcase name="openBrowser" time="0.011" classname="TestNGPkg.TestNgDependency"/>
  <system-out/>
  <testcase name="update2" time="0.002" classname="TestNGPkg.TestNgDependency">
    <skipped/>
  </testcase> <!-- update2 -->
  <system-out/>
  <testcase name="update" time="0.002" classname="TestNGPkg.TestNgDependency"/>
  <system-out/>
  <testcase name="logout" time="0.001" classname="TestNGPkg.TestNgDependency"/>
  <system-out/>
  <testcase name="update1" time="0.002" classname="TestNGPkg.TestNgDependency"/>
  <system-out/>
</testsuite> <!-- TestNGPkg.TestNgDependency -->
