<?xml version="1.0" encoding="UTF-8"?>
<!-- Generated by org.testng.reporters.JUnitReportReporter -->
<testsuite skipped="0" hostname="AMX-RL-19-255-W" name="com.qa.LeafGround.HyperLink" tests="1" failures="0" timestamp="09 Nov 2020 17:04:33 GMT" time="11.071" errors="0">
  <testcase name="button" time="11.071" classname="com.qa.LeafGround.HyperLink"/>
</testsuite> <!-- com.qa.LeafGround.HyperLink -->
