<?xml version="1.0" encoding="UTF-8"?>
<!-- Generated by org.testng.reporters.JUnitReportReporter -->
<testsuite skipped="0" hostname="AMX-RL-19-255-W" name="TestNGPkg.TestNgPriority" tests="7" failures="0" timestamp="2020-12-04T16:05:22 IST" time="0.007" errors="0">
  <testcase name="negative" time="0.000" classname="TestNGPkg.TestNgPriority"/>
  <system-out/>
  <testcase name="emptyvalueone" time="0.001" classname="TestNGPkg.TestNgPriority"/>
  <system-out/>
  <testcase name="zero" time="0.002" classname="TestNGPkg.TestNgPriority"/>
  <system-out/>
  <testcase name="emptyvaluetwo" time="0.001" classname="TestNGPkg.TestNgPriority"/>
  <system-out/>
  <testcase name="testingthree" time="0.001" classname="TestNGPkg.TestNgPriority"/>
  <system-out/>
  <testcase name="testing" time="0.001" classname="TestNGPkg.TestNgPriority"/>
  <system-out/>
  <testcase name="testingtwo" time="0.001" classname="TestNGPkg.TestNgPriority"/>
  <system-out/>
</testsuite> <!-- TestNGPkg.TestNgPriority -->
