<?xml version="1.0" encoding="UTF-8"?>
<!-- Generated by org.testng.reporters.JUnitReportReporter -->
<testsuite skipped="3" hostname="AMX-RL-19-255-W" name="TestNGPkg.TestNgSkip" tests="4" failures="0" timestamp="04 Dec 2020 01:57:27 GMT" time="0.022" errors="0">
  <testcase name="skipExecp" time="0.016" classname="TestNGPkg.TestNgSkip">
    <skipped/>
  </testcase> <!-- skipExecp -->
  <testcase name="testingtwo" time="0.002" classname="TestNGPkg.TestNgSkip">
    <skipped/>
  </testcase> <!-- testingtwo -->
  <testcase name="testingthree" time="0.004" classname="TestNGPkg.TestNgSkip"/>
  <testcase name="testing" classname="TestNGPkg.TestNgSkip">
    <skipped/>
  </testcase> <!-- testing -->
</testsuite> <!-- TestNGPkg.TestNgSkip -->
