<?xml version="1.0" encoding="UTF-8"?>
<!-- Generated by org.testng.reporters.JUnitReportReporter -->
<testsuite skipped="0" hostname="AMX-RL-19-255-W" name="Seleniumcoding.SnapdealWatch" tests="1" failures="0" timestamp="15 Nov 2020 16:43:29 GMT" time="20.147" errors="0">
  <testcase name="snapdeal" time="20.147" classname="Seleniumcoding.SnapdealWatch"/>
</testsuite> <!-- Seleniumcoding.SnapdealWatch -->
