<?xml version="1.0" encoding="UTF-8"?>
<!-- Generated by org.testng.reporters.JUnitReportReporter -->
<testsuite skipped="0" hostname="AMX-RL-19-255-W" name="javaProgram.ArrayTarget" tests="2" failures="0" timestamp="04 Nov 2020 06:26:37 GMT" time="0.014" errors="0">
  <testcase name="method2" time="0.002" classname="javaProgram.ArrayTarget"/>
  <testcase name="method1" time="0.012" classname="javaProgram.ArrayTarget"/>
</testsuite> <!-- javaProgram.ArrayTarget -->
