<?xml version="1.0" encoding="UTF-8"?>
<!-- Generated by org.testng.reporters.JUnitReportReporter -->
<testsuite skipped="1" hostname="AMX-RL-19-255-W" name="javaProgram.InputStr" tests="2" failures="0" timestamp="03 Nov 2020 06:37:15 GMT" time="0.015" errors="0">
  <testcase name="readerwriter" time="0.015" classname="javaProgram.InputStr"/>
  <testcase name="input" classname="javaProgram.InputStr">
    <skipped/>
  </testcase> <!-- input -->
</testsuite> <!-- javaProgram.InputStr -->
