<?xml version="1.0" encoding="UTF-8"?>
<!-- Generated by org.testng.reporters.JUnitReportReporter -->
<testsuite skipped="0" hostname="AMX-RL-19-255-W" name="TestNGPkg.TestNgDataProvider" tests="4" failures="0" timestamp="2020-12-04T19:00:42 IST" time="0.024" errors="0">
  <testcase name="DataProviderData" time="0.014" classname="TestNGPkg.TestNgDataProvider"/>
  <system-out/>
  <testcase name="DataProviderData" time="0.003" classname="TestNGPkg.TestNgDataProvider"/>
  <system-out/>
  <testcase name="DataProviderData" time="0.003" classname="TestNGPkg.TestNgDataProvider"/>
  <system-out/>
  <testcase name="DataProviderData" time="0.004" classname="TestNGPkg.TestNgDataProvider"/>
  <system-out/>
</testsuite> <!-- TestNGPkg.TestNgDataProvider -->
