<?xml version="1.0" encoding="UTF-8"?>
<!-- Generated by org.testng.reporters.JUnitReportReporter -->
<testsuite skipped="0" hostname="AMX-RL-19-255-W" name="Excel.CreateLead" tests="4" failures="0" timestamp="2020-12-23T15:12:54 IST" time="71.620" errors="0">
  <testcase name="createLeadrecord" time="19.860" classname="Excel.CreateLead"/>
  <system-out/>
  <testcase name="createLeadrecord" time="17.858" classname="Excel.CreateLead"/>
  <system-out/>
  <testcase name="createLeadrecord" time="17.376" classname="Excel.CreateLead"/>
  <system-out/>
  <testcase name="createLeadrecord" time="16.526" classname="Excel.CreateLead"/>
  <system-out/>
</testsuite> <!-- Excel.CreateLead -->
