<?xml version="1.0" encoding="UTF-8"?>
<!-- Generated by org.testng.reporters.JUnitReportReporter -->
<testsuite skipped="0" hostname="AMX-RL-19-255-W" name="TestNGPkg.TestNgPriority" tests="7" failures="0" timestamp="2021-02-09T06:52:25 IST" time="0.069" errors="0">
  <testcase name="negative" time="0.031" classname="TestNGPkg.TestNgPriority"/>
  <system-out/>
  <testcase name="emptyvaluetwo" time="0.005" classname="TestNGPkg.TestNgPriority"/>
  <system-out/>
  <testcase name="zero" time="0.006" classname="TestNGPkg.TestNgPriority"/>
  <system-out/>
  <testcase name="testingthree" time="0.007" classname="TestNGPkg.TestNgPriority"/>
  <system-out/>
  <testcase name="emptyvalueone" time="0.005" classname="TestNGPkg.TestNgPriority"/>
  <system-out/>
  <testcase name="testing" time="0.010" classname="TestNGPkg.TestNgPriority"/>
  <system-out/>
  <testcase name="testingtwo" time="0.005" classname="TestNGPkg.TestNgPriority"/>
  <system-out/>
</testsuite> <!-- TestNGPkg.TestNgPriority -->
