<?xml version="1.0" encoding="UTF-8"?>
<!-- Generated by org.testng.reporters.JUnitReportReporter -->
<testsuite skipped="9" hostname="AMX-RL-19-255-W" name="Seleniumcoding.LeafGround" tests="10" failures="0" timestamp="08 Nov 2020 16:43:26 GMT" time="10.080" errors="0">
  <testcase name="button" time="10.080" classname="Seleniumcoding.LeafGround"/>
  <testcase name="frame" classname="Seleniumcoding.LeafGround">
    <skipped/>
  </testcase> <!-- frame -->
  <testcase name="hyperLink" classname="Seleniumcoding.LeafGround">
    <skipped/>
  </testcase> <!-- hyperLink -->
  <testcase name="table" classname="Seleniumcoding.LeafGround">
    <skipped/>
  </testcase> <!-- table -->
  <testcase name="alert" classname="Seleniumcoding.LeafGround">
    <skipped/>
  </testcase> <!-- alert -->
  <testcase name="checkBox" classname="Seleniumcoding.LeafGround">
    <skipped/>
  </testcase> <!-- checkBox -->
  <testcase name="Edit" classname="Seleniumcoding.LeafGround">
    <skipped/>
  </testcase> <!-- Edit -->
  <testcase name="image" classname="Seleniumcoding.LeafGround">
    <skipped/>
  </testcase> <!-- image -->
  <testcase name="dropDown" classname="Seleniumcoding.LeafGround">
    <skipped/>
  </testcase> <!-- dropDown -->
  <testcase name="radioButton" classname="Seleniumcoding.LeafGround">
    <skipped/>
  </testcase> <!-- radioButton -->
</testsuite> <!-- Seleniumcoding.LeafGround -->
