<?xml version="1.0" encoding="UTF-8"?>
<!-- Generated by org.testng.reporters.JUnitReportReporter -->
<testsuite skipped="0" hostname="AMX-RL-19-255-W" name="SingletonPattern.LoginDemo" tests="1" failures="0" timestamp="2020-12-14T09:55:15 IST" time="11.110" errors="0">
  <testcase name="LoginStep" time="11.110" classname="SingletonPattern.LoginDemo"/>
  <system-out/>
</testsuite> <!-- SingletonPattern.LoginDemo -->
