<?xml version="1.0" encoding="UTF-8"?>
<!-- Generated by org.testng.reporters.JUnitReportReporter -->
<testsuite skipped="0" hostname="AMX-RL-19-255-W" name="Seleniumcoding.Ajio" tests="1" failures="0" timestamp="11 Nov 2020 13:51:29 GMT" time="19.840" errors="0">
  <testcase name="ajioWomen" time="19.840" classname="Seleniumcoding.Ajio"/>
</testsuite> <!-- Seleniumcoding.Ajio -->
