<?xml version="1.0" encoding="UTF-8"?>
<!-- Generated by org.testng.reporters.JUnitReportReporter -->
<testsuite skipped="3" hostname="AMX-RL-19-255-W" name="javaProgram.FibonacciSeries" tests="4" failures="0" timestamp="19 Nov 2020 11:16:38 GMT" time="0.019" errors="0">
  <testcase name="UsingArray" time="0.019" classname="javaProgram.FibonacciSeries"/>
  <testcase name="UsingRecursion" classname="javaProgram.FibonacciSeries">
    <skipped/>
  </testcase> <!-- UsingRecursion -->
  <testcase name="UsingWhile" classname="javaProgram.FibonacciSeries">
    <skipped/>
  </testcase> <!-- UsingWhile -->
  <testcase name="UsingForLoop" classname="javaProgram.FibonacciSeries">
    <skipped/>
  </testcase> <!-- UsingForLoop -->
</testsuite> <!-- javaProgram.FibonacciSeries -->
