<?xml version="1.0" encoding="UTF-8"?>
<!-- Generated by org.testng.reporters.JUnitReportReporter -->
<testsuite skipped="0" hostname="AMX-RL-19-255-W" name="TestNGPkg.TestNgGroups" tests="8" failures="0" timestamp="2020-12-04T14:22:34 IST" time="0.031" errors="0">
  <testcase name="sanitytest2" time="0.002" classname="TestNGPkg.TestNgGroups"/>
  <system-out/>
  <testcase name="smoketest3" time="0.004" classname="TestNGPkg.TestNgGroups"/>
  <system-out/>
  <testcase name="smokeTest2" time="0.003" classname="TestNGPkg.TestNgGroups"/>
  <system-out/>
  <testcase name="sanitytest1" time="0.003" classname="TestNGPkg.TestNgGroups"/>
  <system-out/>
  <testcase name="regressionTest" time="0.003" classname="TestNGPkg.TestNgGroups"/>
  <system-out/>
  <testcase name="normalSmokeTest" time="0.011" classname="TestNGPkg.TestNgGroups"/>
  <system-out/>
  <testcase name="smokeTest1" time="0.003" classname="TestNGPkg.TestNgGroups"/>
  <system-out/>
  <testcase name="sanitytest3" time="0.002" classname="TestNGPkg.TestNgGroups"/>
  <system-out/>
</testsuite> <!-- TestNGPkg.TestNgGroups -->
