<?xml version="1.0" encoding="UTF-8"?>
<!-- Generated by org.testng.reporters.JUnitReportReporter -->
<testsuite skipped="0" hostname="AMX-RL-19-255-W" name="JavaPractices.BoolTest" tests="2" failures="0" timestamp="08 Nov 2020 08:00:54 GMT" time="0.018" errors="0">
  <testcase name="tomorrow" time="0.004" classname="JavaPractices.BoolTest"/>
  <testcase name="Bool" time="0.014" classname="JavaPractices.BoolTest"/>
</testsuite> <!-- JavaPractices.BoolTest -->
