<?xml version="1.0" encoding="UTF-8"?>
<!-- Generated by org.testng.reporters.JUnitReportReporter -->
<testsuite skipped="3" hostname="AMX-RL-19-255-W" name="com.qa.LeafGround.IncognitoBrowser" tests="4" failures="0" timestamp="2020-12-11T08:27:49 IST" time="10.692" errors="0">
  <testcase name="pff" time="10.692" classname="com.qa.LeafGround.IncognitoBrowser"/>
  <system-out/>
  <testcase name="chrome" classname="com.qa.LeafGround.IncognitoBrowser">
    <skipped/>
  </testcase> <!-- chrome -->
  <system-out/>
  <testcase name="ff" classname="com.qa.LeafGround.IncognitoBrowser">
    <skipped/>
  </testcase> <!-- ff -->
  <system-out/>
  <testcase name="edge" classname="com.qa.LeafGround.IncognitoBrowser">
    <skipped/>
  </testcase> <!-- edge -->
  <system-out/>
</testsuite> <!-- com.qa.LeafGround.IncognitoBrowser -->
