<?xml version="1.0" encoding="UTF-8"?>
<!-- Generated by org.testng.reporters.JUnitReportReporter -->
<testsuite skipped="0" hostname="AMX-RL-19-255-W" name="javaProgram.FBDropdown" tests="1" failures="0" timestamp="03 Nov 2020 09:56:04 GMT" time="19.944" errors="0">
  <testcase name="dobdropdown" time="19.944" classname="javaProgram.FBDropdown"/>
</testsuite> <!-- javaProgram.FBDropdown -->
