<?xml version="1.0" encoding="UTF-8"?>
<!-- Generated by org.testng.reporters.JUnitReportReporter -->
<testsuite skipped="0" hostname="AMX-RL-19-255-W" name="SimpleJavaCode.BoolTest" tests="2" failures="0" timestamp="2021-01-20T14:21:14 IST" time="0.013" errors="0">
  <testcase name="tomorrow" time="0.002" classname="SimpleJavaCode.BoolTest"/>
  <system-out/>
  <testcase name="Bool" time="0.011" classname="SimpleJavaCode.BoolTest"/>
  <system-out/>
</testsuite> <!-- SimpleJavaCode.BoolTest -->
