<?xml version="1.0" encoding="UTF-8"?>
<!-- Generated by org.testng.reporters.JUnitReportReporter -->
<testsuite skipped="0" hostname="AMX-RL-19-255-W" name="TestNGPkg.TestInvocationCount" tests="4" failures="0" timestamp="2020-12-05T07:54:59 IST" time="0.019" errors="0">
  <testcase name="testingtwo" time="0.002" classname="TestNGPkg.TestInvocationCount"/>
  <system-out>
second message  </system-out>
  <testcase name="testing" time="0.012" classname="TestNGPkg.TestInvocationCount"/>
  <system-out>
first message  </system-out>
  <testcase name="testingthree" time="0.003" classname="TestNGPkg.TestInvocationCount"/>
  <system-out>
third message  </system-out>
  <testcase name="testing" time="0.002" classname="TestNGPkg.TestInvocationCount"/>
  <system-out>
first message  </system-out>
</testsuite> <!-- TestNGPkg.TestInvocationCount -->
