<?xml version="1.0" encoding="UTF-8"?>
<!-- Generated by org.testng.reporters.JUnitReportReporter -->
<testsuite skipped="0" hostname="AMX-RL-19-255-W" name="TestNGPkg.Testone" tests="4" failures="0" timestamp="03 Dec 2020 15:04:05 GMT" time="0.042" errors="0">
  <testcase name="testingthree" time="0.003" classname="TestNGPkg.Testone"/>
  <testcase name="testing" time="0.019" classname="TestNGPkg.Testone"/>
  <testcase name="testingtwo" time="0.006" classname="TestNGPkg.Testone"/>
  <testcase name="testing" time="0.014" classname="TestNGPkg.Testone"/>
</testsuite> <!-- TestNGPkg.Testone -->
