<?xml version="1.0" encoding="UTF-8"?>
<!-- Generated by org.testng.reporters.JUnitReportReporter -->
<testsuite skipped="0" hostname="AMX-RL-19-255-W" name="TestNGPkg.TestNgParallel" tests="40" failures="0" timestamp="2020-12-04T16:28:27 IST" time="1.846" errors="0">
  <testcase name="sanitytest3" time="0.076" classname="TestNGPkg.TestNgParallel"/>
  <system-out/>
  <testcase name="smoketest3" time="0.026" classname="TestNGPkg.TestNgParallel"/>
  <system-out/>
  <testcase name="sanitytest3" time="0.044" classname="TestNGPkg.TestNgParallel"/>
  <system-out/>
  <testcase name="sanitytest1" time="0.024" classname="TestNGPkg.TestNgParallel"/>
  <system-out/>
  <testcase name="smoketest3" time="0.026" classname="TestNGPkg.TestNgParallel"/>
  <system-out/>
  <testcase name="sanitytest2" time="0.049" classname="TestNGPkg.TestNgParallel"/>
  <system-out/>
  <testcase name="sanitytest1" time="0.065" classname="TestNGPkg.TestNgParallel"/>
  <system-out/>
  <testcase name="regressionTest" time="0.053" classname="TestNGPkg.TestNgParallel"/>
  <system-out/>
  <testcase name="smokeTest1" time="0.045" classname="TestNGPkg.TestNgParallel"/>
  <system-out/>
  <testcase name="normalSmokeTest" time="0.063" classname="TestNGPkg.TestNgParallel"/>
  <system-out/>
  <testcase name="smokeTest1" time="0.005" classname="TestNGPkg.TestNgParallel"/>
  <system-out/>
  <testcase name="sanitytest1" time="0.059" classname="TestNGPkg.TestNgParallel"/>
  <system-out/>
  <testcase name="smokeTest1" time="0.027" classname="TestNGPkg.TestNgParallel"/>
  <system-out/>
  <testcase name="sanitytest3" time="0.060" classname="TestNGPkg.TestNgParallel"/>
  <system-out/>
  <testcase name="sanitytest1" time="0.074" classname="TestNGPkg.TestNgParallel"/>
  <system-out/>
  <testcase name="smokeTest2" time="0.009" classname="TestNGPkg.TestNgParallel"/>
  <system-out/>
  <testcase name="normalSmokeTest" time="0.075" classname="TestNGPkg.TestNgParallel"/>
  <system-out/>
  <testcase name="sanitytest3" time="0.065" classname="TestNGPkg.TestNgParallel"/>
  <system-out/>
  <testcase name="smoketest3" time="0.019" classname="TestNGPkg.TestNgParallel"/>
  <system-out/>
  <testcase name="regressionTest" time="0.075" classname="TestNGPkg.TestNgParallel"/>
  <system-out/>
  <testcase name="sanitytest3" time="0.054" classname="TestNGPkg.TestNgParallel"/>
  <system-out/>
  <testcase name="sanitytest1" time="0.061" classname="TestNGPkg.TestNgParallel"/>
  <system-out/>
  <testcase name="smokeTest2" time="0.023" classname="TestNGPkg.TestNgParallel"/>
  <system-out/>
  <testcase name="normalSmokeTest" time="0.152" classname="TestNGPkg.TestNgParallel"/>
  <system-out/>
  <testcase name="smoketest3" time="0.025" classname="TestNGPkg.TestNgParallel"/>
  <system-out/>
  <testcase name="smoketest3" time="0.012" classname="TestNGPkg.TestNgParallel"/>
  <system-out/>
  <testcase name="sanitytest2" time="0.024" classname="TestNGPkg.TestNgParallel"/>
  <system-out/>
  <testcase name="sanitytest2" time="0.061" classname="TestNGPkg.TestNgParallel"/>
  <system-out/>
  <testcase name="regressionTest" time="0.050" classname="TestNGPkg.TestNgParallel"/>
  <system-out/>
  <testcase name="smokeTest1" time="0.065" classname="TestNGPkg.TestNgParallel"/>
  <system-out/>
  <testcase name="sanitytest2" time="0.025" classname="TestNGPkg.TestNgParallel"/>
  <system-out/>
  <testcase name="smokeTest1" time="0.017" classname="TestNGPkg.TestNgParallel"/>
  <system-out/>
  <testcase name="smokeTest2" time="0.016" classname="TestNGPkg.TestNgParallel"/>
  <system-out/>
  <testcase name="normalSmokeTest" time="0.028" classname="TestNGPkg.TestNgParallel"/>
  <system-out/>
  <testcase name="smokeTest2" time="0.021" classname="TestNGPkg.TestNgParallel"/>
  <system-out/>
  <testcase name="sanitytest2" time="0.061" classname="TestNGPkg.TestNgParallel"/>
  <system-out/>
  <testcase name="smokeTest2" time="0.024" classname="TestNGPkg.TestNgParallel"/>
  <system-out/>
  <testcase name="regressionTest" time="0.083" classname="TestNGPkg.TestNgParallel"/>
  <system-out/>
  <testcase name="regressionTest" time="0.024" classname="TestNGPkg.TestNgParallel"/>
  <system-out/>
  <testcase name="normalSmokeTest" time="0.081" classname="TestNGPkg.TestNgParallel"/>
  <system-out/>
</testsuite> <!-- TestNGPkg.TestNgParallel -->
