<?xml version="1.0" encoding="UTF-8"?>
<!-- Generated by org.testng.reporters.JUnitReportReporter -->
<testsuite skipped="2" hostname="AMX-RL-19-255-W" name="javaProgram.Palindrome" tests="3" failures="0" timestamp="26 Nov 2020 14:12:38 GMT" time="0.013" errors="0">
  <testcase name="Palindromegoogle" time="0.013" classname="javaProgram.Palindrome"/>
  <testcase name="palindromeNumber" classname="javaProgram.Palindrome">
    <skipped/>
  </testcase> <!-- palindromeNumber -->
  <testcase name="PalindromeString" classname="javaProgram.Palindrome">
    <skipped/>
  </testcase> <!-- PalindromeString -->
</testsuite> <!-- javaProgram.Palindrome -->
