<?xml version="1.0" encoding="UTF-8"?>
<!-- Generated by org.testng.reporters.JUnitReportReporter -->
<testsuite skipped="0" hostname="AMX-RL-19-255-W" name="javaProgram.ContinuousSubArray" tests="1" failures="0" timestamp="08 Nov 2020 04:37:12 GMT" time="0.027" errors="0">
  <testcase name="addarray" time="0.027" classname="javaProgram.ContinuousSubArray"/>
</testsuite> <!-- javaProgram.ContinuousSubArray -->
