<?xml version="1.0" encoding="UTF-8"?>
<!-- Generated by org.testng.reporters.JUnitReportReporter -->
<testsuite skipped="0" hostname="AMX-RL-19-255-W" name="com.qa.LeafGround.RobotClass" tests="1" failures="0" timestamp="2020-12-22T19:33:09 IST" time="18.258" errors="0">
  <testcase name="robotMathod" time="18.258" classname="com.qa.LeafGround.RobotClass"/>
  <system-out/>
</testsuite> <!-- com.qa.LeafGround.RobotClass -->
