<?xml version="1.0" encoding="UTF-8"?>
<!-- Generated by org.testng.reporters.JUnitReportReporter -->
<testsuite skipped="0" hostname="AMX-RL-19-255-W" name="Seleniumcoding.bootstrapDropDown" tests="1" failures="0" timestamp="03 Nov 2020 16:11:28 GMT" time="16.691" errors="0">
  <testcase name="BootDropDown" time="16.691" classname="Seleniumcoding.bootstrapDropDown"/>
</testsuite> <!-- Seleniumcoding.bootstrapDropDown -->
