<?xml version="1.0" encoding="UTF-8"?>
<!-- Generated by org.testng.reporters.JUnitReportReporter -->
<testsuite skipped="4" hostname="AMX-RL-19-255-W" name="javaProgram.FibonacciSeries" tests="5" failures="0" timestamp="2021-01-20T06:17:17 IST" time="2.663" errors="0">
  <testcase name="givenNumber" time="2.663" classname="javaProgram.FibonacciSeries"/>
  <system-out/>
  <testcase name="UsingRecursion" classname="javaProgram.FibonacciSeries">
    <skipped/>
  </testcase> <!-- UsingRecursion -->
  <system-out/>
  <testcase name="UsingWhile" classname="javaProgram.FibonacciSeries">
    <skipped/>
  </testcase> <!-- UsingWhile -->
  <system-out/>
  <testcase name="UsingForLoop" classname="javaProgram.FibonacciSeries">
    <skipped/>
  </testcase> <!-- UsingForLoop -->
  <system-out/>
  <testcase name="UsingArray" classname="javaProgram.FibonacciSeries">
    <skipped/>
  </testcase> <!-- UsingArray -->
  <system-out/>
</testsuite> <!-- javaProgram.FibonacciSeries -->
