<?xml version="1.0" encoding="UTF-8"?>
<!-- Generated by org.testng.reporters.JUnitReportReporter -->
<testsuite skipped="0" hostname="AMX-RL-19-255-W" name="com.qa.LeafGround.Button" tests="1" failures="0" timestamp="09 Nov 2020 02:56:50 GMT" time="39.329" errors="0">
  <testcase name="button" time="39.329" classname="com.qa.LeafGround.Button"/>
</testsuite> <!-- com.qa.LeafGround.Button -->
