<?xml version="1.0" encoding="UTF-8"?>
<!-- Generated by org.testng.reporters.JUnitReportReporter -->
<testsuite skipped="0" hostname="AMX-RL-19-255-W" name="com.qa.LeafGround.Windows" tests="1" failures="0" timestamp="10 Nov 2020 13:25:58 GMT" time="14.127" errors="0">
  <testcase name="button" time="14.127" classname="com.qa.LeafGround.Windows"/>
</testsuite> <!-- com.qa.LeafGround.Windows -->
